2017-12-24 01:44:04,100 [Worker-0] INFO  c.g.t.t.d.PublishedGradleVersions - Gradle version information cache is up-to-date. Trying to read.
2017-12-26 13:37:30,601 [Start Help Server] INFO  org.eclipse.jetty.util.log - Logging initialized @48445287ms to org.eclipse.jetty.util.log.Slf4jLog
2017-12-26 13:37:30,924 [Start Help Server] INFO  org.eclipse.jetty.server.Server - jetty-9.4.7.v20170914
2017-12-26 13:37:30,947 [Start Help Server] INFO  org.eclipse.jetty.server.session - DefaultSessionIdManager workerName=node0
2017-12-26 13:37:30,948 [Start Help Server] INFO  org.eclipse.jetty.server.session - No SessionScavenger set, using defaults
2017-12-26 13:37:30,949 [Start Help Server] INFO  org.eclipse.jetty.server.session - Scavenging every 660000ms
2017-12-26 13:37:30,977 [Start Help Server] INFO  o.e.j.server.handler.ContextHandler - Started o.e.j.s.ServletContextHandler@23fa578d{/help,null,AVAILABLE}
2017-12-26 13:37:30,987 [Start Help Server] INFO  o.e.jetty.server.AbstractConnector - Started ServerConnector@451377fd{HTTP/1.1,[http/1.1]}{127.0.0.1:34149}
2017-12-26 13:37:30,988 [Start Help Server] INFO  org.eclipse.jetty.server.Server - Started @48445674ms
2017-12-27 00:37:02,887 [Worker-0] INFO  c.g.t.t.d.PublishedGradleVersions - Gradle version information cache is up-to-date. Trying to read.
2017-12-27 00:40:43,992 [Start Help Server] INFO  org.eclipse.jetty.util.log - Logging initialized @249758ms to org.eclipse.jetty.util.log.Slf4jLog
2017-12-27 00:40:44,374 [Start Help Server] INFO  org.eclipse.jetty.server.Server - jetty-9.4.7.v20170914
2017-12-27 00:40:44,431 [Start Help Server] INFO  org.eclipse.jetty.server.session - DefaultSessionIdManager workerName=node0
2017-12-27 00:40:44,432 [Start Help Server] INFO  org.eclipse.jetty.server.session - No SessionScavenger set, using defaults
2017-12-27 00:40:44,434 [Start Help Server] INFO  org.eclipse.jetty.server.session - Scavenging every 600000ms
2017-12-27 00:40:44,492 [Start Help Server] INFO  o.e.j.server.handler.ContextHandler - Started o.e.j.s.ServletContextHandler@437ff5ef{/help,null,AVAILABLE}
2017-12-27 00:40:44,538 [Start Help Server] INFO  o.e.jetty.server.AbstractConnector - Started ServerConnector@7aebace0{HTTP/1.1,[http/1.1]}{127.0.0.1:41753}
2017-12-27 00:40:44,539 [Start Help Server] INFO  org.eclipse.jetty.server.Server - Started @250305ms
2017-12-28 11:30:01,318 [Worker-2] INFO  c.g.t.t.d.PublishedGradleVersions - Gradle version information cache is out-of-date. Trying to update.
2017-12-28 12:24:14,083 [Start Help Server] INFO  org.eclipse.jetty.util.log - Logging initialized @3143728ms to org.eclipse.jetty.util.log.Slf4jLog
2017-12-28 12:24:14,390 [Start Help Server] INFO  org.eclipse.jetty.server.Server - jetty-9.4.7.v20170914
2017-12-28 12:24:14,447 [Start Help Server] INFO  org.eclipse.jetty.server.session - DefaultSessionIdManager workerName=node0
2017-12-28 12:24:14,448 [Start Help Server] INFO  org.eclipse.jetty.server.session - No SessionScavenger set, using defaults
2017-12-28 12:24:14,451 [Start Help Server] INFO  org.eclipse.jetty.server.session - Scavenging every 600000ms
2017-12-28 12:24:14,497 [Start Help Server] INFO  o.e.j.server.handler.ContextHandler - Started o.e.j.s.ServletContextHandler@16bda965{/help,null,AVAILABLE}
2017-12-28 12:24:14,517 [Start Help Server] INFO  o.e.jetty.server.AbstractConnector - Started ServerConnector@363ec96f{HTTP/1.1,[http/1.1]}{127.0.0.1:37569}
2017-12-28 12:24:14,517 [Start Help Server] INFO  org.eclipse.jetty.server.Server - Started @3144163ms
2018-01-15 10:19:21,401 [Worker-1] INFO  c.g.t.t.d.PublishedGradleVersions - Gradle version information cache is up-to-date. Trying to read.
2018-01-15 12:22:45,408 [Worker-9] INFO  c.g.t.t.d.PublishedGradleVersions - Gradle version information cache is up-to-date. Trying to read.
2018-01-19 01:19:00,397 [Worker-1] INFO  c.g.t.t.d.PublishedGradleVersions - Gradle version information cache is up-to-date. Trying to read.
2018-01-20 23:23:28,107 [Worker-4] INFO  c.g.t.t.d.PublishedGradleVersions - Gradle version information cache is up-to-date. Trying to read.
2018-01-22 13:41:50,449 [Worker-0] INFO  c.g.t.t.d.PublishedGradleVersions - Gradle version information cache is up-to-date. Trying to read.
2018-01-24 11:56:30,565 [Worker-7] INFO  c.g.t.t.d.PublishedGradleVersions - Gradle version information cache is out-of-date. Trying to update.
2018-02-03 16:42:41,460 [Start Help Server] INFO  org.eclipse.jetty.util.log - Logging initialized @210827490ms to org.eclipse.jetty.util.log.Slf4jLog
2018-02-03 16:42:41,859 [Start Help Server] INFO  org.eclipse.jetty.server.Server - jetty-9.4.7.v20170914
2018-02-03 16:42:42,161 [Start Help Server] INFO  org.eclipse.jetty.server.session - DefaultSessionIdManager workerName=node0
2018-02-03 16:42:42,161 [Start Help Server] INFO  org.eclipse.jetty.server.session - No SessionScavenger set, using defaults
2018-02-03 16:42:42,205 [Start Help Server] INFO  org.eclipse.jetty.server.session - Scavenging every 600000ms
2018-02-03 16:42:42,346 [Start Help Server] INFO  o.e.j.server.handler.ContextHandler - Started o.e.j.s.ServletContextHandler@5d10da25{/help,null,AVAILABLE}
2018-02-03 16:42:42,427 [Start Help Server] INFO  o.e.jetty.server.AbstractConnector - Started ServerConnector@2ec69c7{HTTP/1.1,[http/1.1]}{127.0.0.1:35049}
2018-02-03 16:42:42,428 [Start Help Server] INFO  org.eclipse.jetty.server.Server - Started @210828459ms
2018-02-06 01:14:44,407 [Worker-5] INFO  c.g.t.t.d.PublishedGradleVersions - Gradle version information cache is up-to-date. Trying to read.
2018-02-07 22:58:42,241 [Start Help Server] INFO  org.eclipse.jetty.util.log - Logging initialized @52540245ms to org.eclipse.jetty.util.log.Slf4jLog
2018-02-07 22:58:42,703 [Start Help Server] INFO  org.eclipse.jetty.server.Server - jetty-9.4.7.v20170914
2018-02-07 22:58:42,743 [Start Help Server] INFO  org.eclipse.jetty.server.session - DefaultSessionIdManager workerName=node0
2018-02-07 22:58:42,743 [Start Help Server] INFO  org.eclipse.jetty.server.session - No SessionScavenger set, using defaults
2018-02-07 22:58:42,745 [Start Help Server] INFO  org.eclipse.jetty.server.session - Scavenging every 660000ms
2018-02-07 22:58:42,798 [Start Help Server] INFO  o.e.j.server.handler.ContextHandler - Started o.e.j.s.ServletContextHandler@16243a8d{/help,null,AVAILABLE}
2018-02-07 22:58:42,842 [Start Help Server] INFO  o.e.jetty.server.AbstractConnector - Started ServerConnector@5f6af68d{HTTP/1.1,[http/1.1]}{127.0.0.1:33671}
2018-02-07 22:58:42,842 [Start Help Server] INFO  org.eclipse.jetty.server.Server - Started @52540847ms
2018-02-13 12:34:33,642 [Stop Help Server] INFO  o.e.jetty.server.AbstractConnector - Stopped ServerConnector@5f6af68d{HTTP/1.1,[http/1.1]}{127.0.0.1:0}
2018-02-13 12:34:33,735 [Stop Help Server] INFO  org.eclipse.jetty.server.session - Stopped scavenging
2018-02-13 12:34:34,327 [Stop Help Server] INFO  o.e.j.server.handler.ContextHandler - Stopped o.e.j.s.ServletContextHandler@16243a8d{/help,null,UNAVAILABLE}
2018-02-13 12:35:53,345 [Worker-2] INFO  c.g.t.t.d.PublishedGradleVersions - Gradle version information cache is up-to-date. Trying to read.
2018-02-13 12:42:33,544 [Start Help Server] INFO  org.eclipse.jetty.util.log - Logging initialized @465579ms to org.eclipse.jetty.util.log.Slf4jLog
2018-02-13 12:42:33,869 [Start Help Server] INFO  org.eclipse.jetty.server.Server - jetty-9.4.7.v20170914
2018-02-13 12:42:33,945 [Start Help Server] INFO  org.eclipse.jetty.server.session - DefaultSessionIdManager workerName=node0
2018-02-13 12:42:33,946 [Start Help Server] INFO  org.eclipse.jetty.server.session - No SessionScavenger set, using defaults
2018-02-13 12:42:33,952 [Start Help Server] INFO  org.eclipse.jetty.server.session - Scavenging every 600000ms
2018-02-13 12:42:34,064 [Start Help Server] INFO  o.e.j.server.handler.ContextHandler - Started o.e.j.s.ServletContextHandler@5c92f00d{/help,null,AVAILABLE}
2018-02-13 12:42:34,112 [Start Help Server] INFO  o.e.jetty.server.AbstractConnector - Started ServerConnector@1279f50c{HTTP/1.1,[http/1.1]}{127.0.0.1:37159}
2018-02-13 12:42:34,112 [Start Help Server] INFO  org.eclipse.jetty.server.Server - Started @466148ms
2018-02-18 13:03:25,046 [Stop Help Server] INFO  o.e.jetty.server.AbstractConnector - Stopped ServerConnector@1279f50c{HTTP/1.1,[http/1.1]}{127.0.0.1:0}
2018-02-18 13:03:25,065 [Stop Help Server] INFO  org.eclipse.jetty.server.session - Stopped scavenging
2018-02-18 13:03:25,202 [Stop Help Server] INFO  o.e.j.server.handler.ContextHandler - Stopped o.e.j.s.ServletContextHandler@5c92f00d{/help,null,UNAVAILABLE}
2018-02-18 13:27:55,476 [Worker-1] INFO  c.g.t.t.d.PublishedGradleVersions - Gradle version information cache is up-to-date. Trying to read.
2018-02-18 15:21:19,536 [Start Help Server] INFO  org.eclipse.jetty.util.log - Logging initialized @2692510ms to org.eclipse.jetty.util.log.Slf4jLog
2018-02-18 15:21:19,925 [Start Help Server] INFO  org.eclipse.jetty.server.Server - jetty-9.4.7.v20170914
2018-02-18 15:21:19,989 [Start Help Server] INFO  org.eclipse.jetty.server.session - DefaultSessionIdManager workerName=node0
2018-02-18 15:21:19,989 [Start Help Server] INFO  org.eclipse.jetty.server.session - No SessionScavenger set, using defaults
2018-02-18 15:21:19,992 [Start Help Server] INFO  org.eclipse.jetty.server.session - Scavenging every 600000ms
2018-02-18 15:21:20,067 [Start Help Server] INFO  o.e.j.server.handler.ContextHandler - Started o.e.j.s.ServletContextHandler@5c6953e6{/help,null,AVAILABLE}
2018-02-18 15:21:20,098 [Start Help Server] INFO  o.e.jetty.server.AbstractConnector - Started ServerConnector@598d820{HTTP/1.1,[http/1.1]}{127.0.0.1:33937}
2018-02-18 15:21:20,098 [Start Help Server] INFO  org.eclipse.jetty.server.Server - Started @2693073ms
2018-02-19 17:57:56,416 [Stop Help Server] INFO  o.e.jetty.server.AbstractConnector - Stopped ServerConnector@598d820{HTTP/1.1,[http/1.1]}{127.0.0.1:0}
2018-02-19 17:57:56,435 [Stop Help Server] INFO  org.eclipse.jetty.server.session - Stopped scavenging
2018-02-19 17:57:56,753 [Stop Help Server] INFO  o.e.j.server.handler.ContextHandler - Stopped o.e.j.s.ServletContextHandler@5c6953e6{/help,null,UNAVAILABLE}
2018-02-19 18:04:48,881 [Worker-6] INFO  c.g.t.t.d.PublishedGradleVersions - Gradle version information cache is up-to-date. Trying to read.
2018-02-19 18:06:41,324 [Start Help Server] INFO  org.eclipse.jetty.util.log - Logging initialized @171648ms to org.eclipse.jetty.util.log.Slf4jLog
2018-02-19 18:06:41,710 [Start Help Server] INFO  org.eclipse.jetty.server.Server - jetty-9.4.7.v20170914
2018-02-19 18:06:41,843 [Start Help Server] INFO  org.eclipse.jetty.server.session - DefaultSessionIdManager workerName=node0
2018-02-19 18:06:41,843 [Start Help Server] INFO  org.eclipse.jetty.server.session - No SessionScavenger set, using defaults
2018-02-19 18:06:41,846 [Start Help Server] INFO  org.eclipse.jetty.server.session - Scavenging every 600000ms
2018-02-19 18:06:41,901 [Start Help Server] INFO  o.e.j.server.handler.ContextHandler - Started o.e.j.s.ServletContextHandler@133dfacf{/help,null,AVAILABLE}
2018-02-19 18:06:41,939 [Start Help Server] INFO  o.e.jetty.server.AbstractConnector - Started ServerConnector@5eb534f6{HTTP/1.1,[http/1.1]}{127.0.0.1:37645}
2018-02-19 18:06:41,940 [Start Help Server] INFO  org.eclipse.jetty.server.Server - Started @172263ms
2018-02-22 15:28:59,785 [Worker-2] INFO  c.g.t.t.d.PublishedGradleVersions - Gradle version information cache is out-of-date. Trying to update.
2018-02-23 12:34:34,717 [Worker-0] INFO  c.g.t.t.d.PublishedGradleVersions - Gradle version information cache is up-to-date. Trying to read.
2018-02-24 12:10:11,203 [Start Help Server] INFO  org.eclipse.jetty.util.log - Logging initialized @22070561ms to org.eclipse.jetty.util.log.Slf4jLog
2018-02-24 12:10:11,594 [Start Help Server] INFO  org.eclipse.jetty.server.Server - jetty-9.4.7.v20170914
2018-02-24 12:10:11,640 [Start Help Server] INFO  org.eclipse.jetty.server.session - DefaultSessionIdManager workerName=node0
2018-02-24 12:10:11,640 [Start Help Server] INFO  org.eclipse.jetty.server.session - No SessionScavenger set, using defaults
2018-02-24 12:10:11,642 [Start Help Server] INFO  org.eclipse.jetty.server.session - Scavenging every 660000ms
2018-02-24 12:10:11,728 [Start Help Server] INFO  o.e.j.server.handler.ContextHandler - Started o.e.j.s.ServletContextHandler@286e7b09{/help,null,AVAILABLE}
2018-02-24 12:10:11,774 [Start Help Server] INFO  o.e.jetty.server.AbstractConnector - Started ServerConnector@5a4073ae{HTTP/1.1,[http/1.1]}{127.0.0.1:36871}
2018-02-24 12:10:11,774 [Start Help Server] INFO  org.eclipse.jetty.server.Server - Started @22071134ms
2018-02-25 18:06:36,730 [Worker-5] INFO  c.g.t.t.d.PublishedGradleVersions - Gradle version information cache is out-of-date. Trying to update.
2018-02-25 18:06:56,080 [Start Help Server] INFO  org.eclipse.jetty.util.log - Logging initialized @93151ms to org.eclipse.jetty.util.log.Slf4jLog
2018-02-25 18:06:56,714 [Start Help Server] INFO  org.eclipse.jetty.server.Server - jetty-9.4.7.v20170914
2018-02-25 18:06:56,841 [Start Help Server] INFO  org.eclipse.jetty.server.session - DefaultSessionIdManager workerName=node0
2018-02-25 18:06:56,841 [Start Help Server] INFO  org.eclipse.jetty.server.session - No SessionScavenger set, using defaults
2018-02-25 18:06:56,844 [Start Help Server] INFO  org.eclipse.jetty.server.session - Scavenging every 600000ms
2018-02-25 18:06:56,957 [Start Help Server] INFO  o.e.j.server.handler.ContextHandler - Started o.e.j.s.ServletContextHandler@19fd5c25{/help,null,AVAILABLE}
2018-02-25 18:06:57,061 [Start Help Server] INFO  o.e.jetty.server.AbstractConnector - Started ServerConnector@57d54a0f{HTTP/1.1,[http/1.1]}{127.0.0.1:42535}
2018-02-25 18:06:57,066 [Start Help Server] INFO  org.eclipse.jetty.server.Server - Started @94134ms
